<?xml version="1.0" encoding="UTF-8"?>
<!-- Generated by org.testng.reporters.JUnitReportReporter -->
<testsuite hostname="DESKTOP-OE8Q7OP" failures="0" tests="2" name="homeDepotboot.NewTestbootrun" time="36.515" errors="0" timestamp="2020-12-25T10:10:13 EST" skipped="0">
  <testcase classname="homeDepotboot.NewTestbootrun" name="fhome" time="18.120"/>
  <system-out/>
  <testcase classname="homeDepotboot.NewTestbootrun" name="fhome" time="18.395"/>
  <system-out/>
</testsuite> <!-- homeDepotboot.NewTestbootrun -->
